1503797824456	geckodriver	INFO	geckodriver 0.18.0
1503797824483	geckodriver	INFO	Listening on 127.0.0.1:53904
1503797826630	geckodriver::marionette	INFO	Starting browser C:\Program Files (x86)\Mozilla Firefox\firefox.exe with args ["-marionette"]
1503797828975	addons.manager	DEBUG	Application has been upgraded
1503797829303	addons.manager	DEBUG	Loaded provider scope for resource://gre/modules/addons/XPIProvider.jsm: ["XPIProvider"]
1503797829310	addons.manager	DEBUG	Loaded provider scope for resource://gre/modules/LightweightThemeManager.jsm: ["LightweightThemeManager"]
1503797829323	addons.manager	DEBUG	Loaded provider scope for resource://gre/modules/addons/GMPProvider.jsm
1503797829333	addons.manager	DEBUG	Loaded provider scope for resource://gre/modules/addons/PluginProvider.jsm
1503797829337	addons.manager	DEBUG	Starting provider: XPIProvider
1503797829338	addons.xpi	DEBUG	startup
1503797829340	addons.xpi	INFO	Removing all system add-on upgrades.
1503797829342	addons.xpi	INFO	SystemAddonInstallLocation directory is missing
1503797829346	addons.xpi	INFO	Mapping aushelper@mozilla.org to C:\Program Files (x86)\Mozilla Firefox\browser\features\aushelper@mozilla.org.xpi
1503797829348	addons.xpi	INFO	Mapping e10srollout@mozilla.org to C:\Program Files (x86)\Mozilla Firefox\browser\features\e10srollout@mozilla.org.xpi
1503797829350	addons.xpi	INFO	Mapping firefox@getpocket.com to C:\Program Files (x86)\Mozilla Firefox\browser\features\firefox@getpocket.com.xpi
1503797829351	addons.xpi	INFO	Mapping screenshots@mozilla.org to C:\Program Files (x86)\Mozilla Firefox\browser\features\screenshots@mozilla.org.xpi
1503797829352	addons.xpi	INFO	Mapping webcompat@mozilla.org to C:\Program Files (x86)\Mozilla Firefox\browser\features\webcompat@mozilla.org.xpi
1503797829359	addons.xpi	INFO	Mapping {972ce4c6-7e08-4474-a285-3208198ce6fd} to C:\Program Files (x86)\Mozilla Firefox\browser\extensions\{972ce4c6-7e08-4474-a285-3208198ce6fd}.xpi
1503797829361	addons.xpi	DEBUG	checkForChanges
1503797829362	addons.xpi	INFO	SystemAddonInstallLocation directory is missing
1503797829364	addons.xpi	DEBUG	Loaded add-on state from prefs: {}
1503797829367	addons.xpi	DEBUG	New add-on aushelper@mozilla.org in app-system-defaults
1503797829373	addons.xpi	DEBUG	getModTime: Recursive scan of aushelper@mozilla.org
1503797829376	addons.xpi	DEBUG	New add-on e10srollout@mozilla.org in app-system-defaults
1503797829379	addons.xpi	DEBUG	getModTime: Recursive scan of e10srollout@mozilla.org
1503797829381	addons.xpi	DEBUG	New add-on firefox@getpocket.com in app-system-defaults
1503797829383	addons.xpi	DEBUG	getModTime: Recursive scan of firefox@getpocket.com
1503797829385	addons.xpi	DEBUG	New add-on screenshots@mozilla.org in app-system-defaults
1503797829386	addons.xpi	DEBUG	getModTime: Recursive scan of screenshots@mozilla.org
1503797829389	addons.xpi	DEBUG	New add-on webcompat@mozilla.org in app-system-defaults
1503797829390	addons.xpi	DEBUG	getModTime: Recursive scan of webcompat@mozilla.org
1503797829394	addons.xpi	DEBUG	New add-on {972ce4c6-7e08-4474-a285-3208198ce6fd} in app-global
1503797829395	addons.xpi	DEBUG	getModTime: Recursive scan of {972ce4c6-7e08-4474-a285-3208198ce6fd}
1503797829399	addons.xpi	DEBUG	getInstallState changed: true, state: {"app-system-defaults":{"aushelper@mozilla.org":{"d":"C:\\Program Files (x86)\\Mozilla Firefox\\browser\\features\\aushelper@mozilla.org.xpi","st":1498666862000},"e10srollout@mozilla.org":{"d":"C:\\Program Files (x86)\\Mozilla Firefox\\browser\\features\\e10srollout@mozilla.org.xpi","st":1498666862000},"firefox@getpocket.com":{"d":"C:\\Program Files (x86)\\Mozilla Firefox\\browser\\features\\firefox@getpocket.com.xpi","st":1498666863000},"screenshots@mozilla.org":{"d":"C:\\Program Files (x86)\\Mozilla Firefox\\browser\\features\\screenshots@mozilla.org.xpi","st":1498666863000},"webcompat@mozilla.org":{"d":"C:\\Program Files (x86)\\Mozilla Firefox\\browser\\features\\webcompat@mozilla.org.xpi","st":1498666862000}},"app-global":{"{972ce4c6-7e08-4474-a285-3208198ce6fd}":{"d":"C:\\Program Files (x86)\\Mozilla Firefox\\browser\\extensions\\{972ce4c6-7e08-4474-a285-3208198ce6fd}.xpi","st":1498666862000}}}
1503797829437	addons.xpi-utils	DEBUG	Opening XPI database C:\Users\giwab-2\AppData\Local\Temp\rust_mozprofile.tiUDw9uCIPOX\extensions.json
1503797829448	addons.xpi-utils	DEBUG	New add-on aushelper@mozilla.org installed in app-system-defaults
*** Blocklist::_loadBlocklistFromFile: blocklist is disabled
1503797829485	DeferredSave.extensions.json	DEBUG	Save changes
1503797829487	addons.xpi-utils	DEBUG	New add-on e10srollout@mozilla.org installed in app-system-defaults
1503797829500	DeferredSave.extensions.json	DEBUG	Starting timer
1503797829507	DeferredSave.extensions.json	DEBUG	Save changes
1503797829507	addons.xpi-utils	DEBUG	New add-on firefox@getpocket.com installed in app-system-defaults
1503797829531	DeferredSave.extensions.json	DEBUG	Save changes
1503797829531	addons.xpi-utils	DEBUG	New add-on screenshots@mozilla.org installed in app-system-defaults
1503797829557	DeferredSave.extensions.json	DEBUG	Save changes
1503797829560	addons.xpi-utils	DEBUG	New add-on webcompat@mozilla.org installed in app-system-defaults
1503797829578	DeferredSave.extensions.json	DEBUG	Save changes
1503797829579	addons.xpi-utils	DEBUG	New add-on {972ce4c6-7e08-4474-a285-3208198ce6fd} installed in app-global
1503797829597	DeferredSave.extensions.json	DEBUG	Save changes
1503797829601	addons.manager	DEBUG	Registering startup change 'installed' for aushelper@mozilla.org
1503797829626	addons.xpi	DEBUG	Loading bootstrap scope from C:\Program Files (x86)\Mozilla Firefox\browser\features\aushelper@mozilla.org.xpi
1503797829647	addons.xpi	DEBUG	Calling bootstrap method install on aushelper@mozilla.org version 2.0
1503797829648	addons.xpi-utils	DEBUG	Make addon app-system-defaults:aushelper@mozilla.org visible
1503797829650	DeferredSave.extensions.json	DEBUG	Save changes
1503797829652	addons.manager	DEBUG	Registering startup change 'installed' for e10srollout@mozilla.org
1503797829654	addons.xpi	DEBUG	Loading bootstrap scope from C:\Program Files (x86)\Mozilla Firefox\browser\features\e10srollout@mozilla.org.xpi
1503797829666	addons.xpi	DEBUG	Calling bootstrap method install on e10srollout@mozilla.org version 1.50
1503797829672	addons.xpi-utils	DEBUG	Make addon app-system-defaults:e10srollout@mozilla.org visible
1503797829675	DeferredSave.extensions.json	DEBUG	Save changes
1503797829677	addons.manager	DEBUG	Registering startup change 'installed' for firefox@getpocket.com
1503797829680	addons.xpi	DEBUG	Loading bootstrap scope from C:\Program Files (x86)\Mozilla Firefox\browser\features\firefox@getpocket.com.xpi
1503797829693	addons.xpi	DEBUG	Calling bootstrap method install on firefox@getpocket.com version 1.0.5
1503797829694	addons.xpi-utils	DEBUG	Make addon app-system-defaults:firefox@getpocket.com visible
1503797829695	DeferredSave.extensions.json	DEBUG	Save changes
1503797829696	addons.manager	DEBUG	Registering startup change 'installed' for screenshots@mozilla.org
1503797829698	addons.xpi	DEBUG	Loading bootstrap scope from C:\Program Files (x86)\Mozilla Firefox\browser\features\screenshots@mozilla.org.xpi
1503797829709	addons.xpi	DEBUG	Calling bootstrap method install on screenshots@mozilla.org version 6.6.0
1503797829710	addons.xpi-utils	DEBUG	Make addon app-system-defaults:screenshots@mozilla.org visible
1503797829711	DeferredSave.extensions.json	DEBUG	Save changes
1503797829712	addons.manager	DEBUG	Registering startup change 'installed' for webcompat@mozilla.org
1503797829714	addons.xpi	DEBUG	Loading bootstrap scope from C:\Program Files (x86)\Mozilla Firefox\browser\features\webcompat@mozilla.org.xpi
1503797829725	addons.xpi	DEBUG	Calling bootstrap method install on webcompat@mozilla.org version 1.1
1503797829726	addons.xpi-utils	DEBUG	Make addon app-system-defaults:webcompat@mozilla.org visible
1503797829728	DeferredSave.extensions.json	DEBUG	Save changes
1503797829730	addons.xpi-utils	DEBUG	Make addon app-global:{972ce4c6-7e08-4474-a285-3208198ce6fd} visible
1503797829732	DeferredSave.extensions.json	DEBUG	Save changes
1503797829733	addons.xpi	DEBUG	Updating XPIState for {"id":"aushelper@mozilla.org","syncGUID":"{ffb6ffe8-3636-49aa-8188-6a79881468da}","location":"app-system-defaults","version":"2.0","type":"extension","internalName":null,"updateURL":null,"updateKey":null,"optionsURL":null,"optionsType":null,"aboutURL":null,"icons":{},"iconURL":null,"icon64URL":null,"defaultLocale":{"name":"Application Update Service Helper","description":"Sets value(s) in the update url based on custom checks.","creator":null,"homepageURL":null},"visible":true,"active":true,"userDisabled":false,"appDisabled":false,"descriptor":"C:\\Program Files (x86)\\Mozilla Firefox\\browser\\features\\aushelper@mozilla.org.xpi","installDate":1498666862000,"updateDate":1498666862000,"applyBackgroundUpdates":1,"bootstrap":true,"skinnable":false,"size":8488,"sourceURI":null,"releaseNotesURI":null,"softDisabled":false,"foreignInstall":false,"hasBinaryComponents":false,"strictCompatibility":false,"locales":[],"targetApplications":[{"id":"{ec8030f7-c20a-464f-9b0e-13a3a9e97384}","minVersion":"54.0.1","maxVersion":"54.*"}],"targetPlatforms":[],"multiprocessCompatible":true,"seen":true,"dependencies":[],"hasEmbeddedWebExtension":false,"mpcOptedOut":false,"userPermissions":null}
1503797829734	addons.xpi	DEBUG	getModTime: Recursive scan of aushelper@mozilla.org
1503797829736	addons.xpi	DEBUG	Updating XPIState for {"id":"e10srollout@mozilla.org","syncGUID":"{eeed8cae-9806-4bb4-ae2a-d7d0831d6c89}","location":"app-system-defaults","version":"1.50","type":"extension","internalName":null,"updateURL":null,"updateKey":null,"optionsURL":null,"optionsType":null,"aboutURL":null,"icons":{},"iconURL":null,"icon64URL":null,"defaultLocale":{"name":"Multi-process staged rollout","description":"Staged rollout of Firefox multi-process feature.","creator":null,"homepageURL":null},"visible":true,"active":true,"userDisabled":false,"appDisabled":false,"descriptor":"C:\\Program Files (x86)\\Mozilla Firefox\\browser\\features\\e10srollout@mozilla.org.xpi","installDate":1498666862000,"updateDate":1498666862000,"applyBackgroundUpdates":1,"bootstrap":true,"skinnable":false,"size":12519,"sourceURI":null,"releaseNotesURI":null,"softDisabled":false,"foreignInstall":false,"hasBinaryComponents":false,"strictCompatibility":false,"locales":[],"targetApplications":[{"id":"{ec8030f7-c20a-464f-9b0e-13a3a9e97384}","minVersion":"54.0.1","maxVersion":"54.*"}],"targetPlatforms":[],"multiprocessCompatible":true,"seen":true,"dependencies":[],"hasEmbeddedWebExtension":false,"mpcOptedOut":false,"userPermissions":null}
1503797829736	addons.xpi	DEBUG	getModTime: Recursive scan of e10srollout@mozilla.org
1503797829738	addons.xpi	DEBUG	Updating XPIState for {"id":"firefox@getpocket.com","syncGUID":"{168c2c28-c344-4ccf-aa38-7eaf673bc220}","location":"app-system-defaults","version":"1.0.5","type":"extension","internalName":null,"updateURL":null,"updateKey":null,"optionsURL":null,"optionsType":null,"aboutURL":null,"icons":{},"iconURL":null,"icon64URL":null,"defaultLocale":{"name":"Pocket","description":"When you find something you want to view later, put it in Pocket.","creator":null,"homepageURL":null},"visible":true,"active":true,"userDisabled":false,"appDisabled":false,"descriptor":"C:\\Program Files (x86)\\Mozilla Firefox\\browser\\features\\firefox@getpocket.com.xpi","installDate":1498666863000,"updateDate":1498666863000,"applyBackgroundUpdates":1,"bootstrap":true,"skinnable":false,"size":913906,"sourceURI":null,"releaseNotesURI":null,"softDisabled":false,"foreignInstall":false,"hasBinaryComponents":false,"strictCompatibility":false,"locales":[],"targetApplications":[{"id":"{ec8030f7-c20a-464f-9b0e-13a3a9e97384}","minVersion":"54.0.1","maxVersion":"54.*"}],"targetPlatforms":[],"multiprocessCompatible":true,"seen":true,"dependencies":[],"hasEmbeddedWebExtension":false,"mpcOptedOut":false,"userPermissions":null}
1503797829739	addons.xpi	DEBUG	getModTime: Recursive scan of firefox@getpocket.com
1503797829741	addons.xpi	DEBUG	Updating XPIState for {"id":"screenshots@mozilla.org","syncGUID":"{acf1b80c-16c8-4041-a7eb-a50fc14c8a62}","location":"app-system-defaults","version":"6.6.0","type":"extension","internalName":null,"updateURL":null,"updateKey":null,"optionsURL":null,"optionsType":null,"aboutURL":null,"icons":{},"iconURL":null,"icon64URL":null,"defaultLocale":{"name":"Firefox Screenshots","description":null,"creator":null,"homepageURL":"https://pageshot.net/"},"visible":true,"active":true,"userDisabled":false,"appDisabled":false,"descriptor":"C:\\Program Files (x86)\\Mozilla Firefox\\browser\\features\\screenshots@mozilla.org.xpi","installDate":1498666863000,"updateDate":1498666863000,"applyBackgroundUpdates":1,"bootstrap":true,"skinnable":false,"size":716271,"sourceURI":null,"releaseNotesURI":null,"softDisabled":false,"foreignInstall":false,"hasBinaryComponents":false,"strictCompatibility":false,"locales":[],"targetApplications":[{"id":"{ec8030f7-c20a-464f-9b0e-13a3a9e97384}","minVersion":"51.0a1","maxVersion":"*"}],"targetPlatforms":[],"multiprocessCompatible":true,"seen":true,"dependencies":[],"hasEmbeddedWebExtension":false,"mpcOptedOut":false,"userPermissions":null}
1503797829741	addons.xpi	DEBUG	getModTime: Recursive scan of screenshots@mozilla.org
1503797829744	addons.xpi	DEBUG	Updating XPIState for {"id":"webcompat@mozilla.org","syncGUID":"{d3aa9cd4-02ee-4047-a7f5-c43a2a795c8e}","location":"app-system-defaults","version":"1.1","type":"extension","internalName":null,"updateURL":null,"updateKey":null,"optionsURL":null,"optionsType":null,"aboutURL":null,"icons":{},"iconURL":null,"icon64URL":null,"defaultLocale":{"name":"Web Compat","description":"Urgent post-release fixes for web compatibility.","creator":null,"homepageURL":null},"visible":true,"active":true,"userDisabled":false,"appDisabled":false,"descriptor":"C:\\Program Files (x86)\\Mozilla Firefox\\browser\\features\\webcompat@mozilla.org.xpi","installDate":1498666862000,"updateDate":1498666862000,"applyBackgroundUpdates":1,"bootstrap":true,"skinnable":false,"size":9006,"sourceURI":null,"releaseNotesURI":null,"softDisabled":false,"foreignInstall":false,"hasBinaryComponents":false,"strictCompatibility":false,"locales":[],"targetApplications":[{"id":"{ec8030f7-c20a-464f-9b0e-13a3a9e97384}","minVersion":"54.0.1","maxVersion":"54.*"}],"targetPlatforms":[],"multiprocessCompatible":true,"seen":true,"dependencies":[],"hasEmbeddedWebExtension":false,"mpcOptedOut":false,"userPermissions":null}
1503797829746	addons.xpi	DEBUG	getModTime: Recursive scan of webcompat@mozilla.org
1503797829749	addons.xpi	DEBUG	Updating XPIState for {"id":"{972ce4c6-7e08-4474-a285-3208198ce6fd}","syncGUID":"{8abfa078-40a6-4cc6-bbf1-3fa5b0574d2f}","location":"app-global","version":"54.0.1","type":"theme","internalName":"classic/1.0","updateURL":null,"updateKey":null,"optionsURL":null,"optionsType":null,"aboutURL":null,"icons":{},"iconURL":"chrome://browser/content/default-theme-icon.svg","icon64URL":null,"defaultLocale":{"name":"Default","description":"The default theme.","creator":"Mozilla","homepageURL":null,"contributors":["Mozilla Contributors"]},"visible":true,"active":true,"userDisabled":false,"appDisabled":false,"descriptor":"C:\\Program Files (x86)\\Mozilla Firefox\\browser\\extensions\\{972ce4c6-7e08-4474-a285-3208198ce6fd}.xpi","installDate":1498666862000,"updateDate":1498666862000,"applyBackgroundUpdates":1,"skinnable":true,"size":8207,"sourceURI":null,"releaseNotesURI":null,"softDisabled":false,"foreignInstall":false,"hasBinaryComponents":false,"strictCompatibility":true,"locales":[],"targetApplications":[{"id":"{ec8030f7-c20a-464f-9b0e-13a3a9e97384}","minVersion":"54.0.1","maxVersion":"54.0.1"}],"targetPlatforms":[],"seen":true,"dependencies":[],"hasEmbeddedWebExtension":false,"userPermissions":null}
1503797829750	addons.xpi	DEBUG	getModTime: Recursive scan of {972ce4c6-7e08-4474-a285-3208198ce6fd}
1503797829753	DeferredSave.extensions.json	DEBUG	Save changes
1503797829754	addons.xpi	DEBUG	Updating database with changes to installed add-ons
1503797829754	addons.xpi-utils	DEBUG	Updating add-on states
1503797829761	addons.xpi-utils	DEBUG	Writing add-ons list
1503797829786	addons.xpi	DEBUG	Registering manifest for C:\Program Files (x86)\Mozilla Firefox\browser\features\aushelper@mozilla.org.xpi
1503797829789	addons.xpi	DEBUG	Calling bootstrap method startup on aushelper@mozilla.org version 2.0
1503797829794	addons.xpi	DEBUG	Registering manifest for C:\Program Files (x86)\Mozilla Firefox\browser\features\e10srollout@mozilla.org.xpi
1503797829798	addons.xpi	DEBUG	Calling bootstrap method startup on e10srollout@mozilla.org version 1.50
1503797829800	addons.xpi	DEBUG	Registering manifest for C:\Program Files (x86)\Mozilla Firefox\browser\features\firefox@getpocket.com.xpi
1503797829803	addons.xpi	DEBUG	Calling bootstrap method startup on firefox@getpocket.com version 1.0.5
1503797829807	addons.xpi	DEBUG	Registering manifest for C:\Program Files (x86)\Mozilla Firefox\browser\features\screenshots@mozilla.org.xpi
1503797829810	addons.xpi	DEBUG	Calling bootstrap method startup on screenshots@mozilla.org version 6.6.0
1503797829812	addons.xpi	DEBUG	Registering manifest for C:\Program Files (x86)\Mozilla Firefox\browser\features\webcompat@mozilla.org.xpi
1503797829815	addons.xpi	DEBUG	Calling bootstrap method startup on webcompat@mozilla.org version 1.1
1503797829837	addons.manager	DEBUG	Registering shutdown blocker for XPIProvider
1503797829841	addons.manager	DEBUG	Provider finished startup: XPIProvider
1503797829843	addons.manager	DEBUG	Starting provider: LightweightThemeManager
1503797829843	addons.manager	DEBUG	Registering shutdown blocker for LightweightThemeManager
1503797829844	addons.manager	DEBUG	Provider finished startup: LightweightThemeManager
1503797829846	addons.manager	DEBUG	Starting provider: GMPProvider
1503797829874	addons.manager	DEBUG	Registering shutdown blocker for GMPProvider
1503797829875	addons.manager	DEBUG	Provider finished startup: GMPProvider
1503797829875	addons.manager	DEBUG	Starting provider: PluginProvider
1503797829875	addons.manager	DEBUG	Registering shutdown blocker for PluginProvider
1503797829877	addons.manager	DEBUG	Provider finished startup: PluginProvider
1503797829878	addons.manager	DEBUG	Completed startup sequence
1503797832505	addons.manager	DEBUG	Starting provider: <unnamed-provider>
1503797832506	addons.manager	DEBUG	Registering shutdown blocker for <unnamed-provider>
1503797832508	addons.manager	DEBUG	Provider finished startup: <unnamed-provider>
1503797832648	addons.manager	DEBUG	Starting provider: PreviousExperimentProvider
1503797832649	addons.manager	DEBUG	Registering shutdown blocker for PreviousExperimentProvider
1503797832650	addons.manager	DEBUG	Provider finished startup: PreviousExperimentProvider
1503797832670	DeferredSave.extensions.json	DEBUG	Starting write
1503797833639	DeferredSave.extensions.json	DEBUG	Write succeeded
1503797833644	addons.xpi-utils	DEBUG	XPI Database saved, setting schema version preference to 19
1503797838848	Marionette	INFO	Listening on port 53934
1503797839574	Marionette	WARN	TLS certificate errors will be ignored for this session
1503797839698	Marionette	DEBUG	loaded listener.js
1503797840165	Marionette	DEBUG	Received DOM event "beforeunload" for "about:blank"
1503797840182	Marionette	DEBUG	Received DOM event "pagehide" for "about:blank"
1503797840183	Marionette	DEBUG	Received DOM event "unload" for "about:blank"
1503797840203	Marionette	DEBUG	Received DOM event "DOMContentLoaded" for "about:blank"
1503797840213	Marionette	DEBUG	Received DOM event "pageshow" for "about:blank"
1503797840331	Marionette	DEBUG	Received DOM event "beforeunload" for "about:blank"
1503797844557	Marionette	DEBUG	Received DOM event "pagehide" for "about:blank"
1503797844558	Marionette	DEBUG	Received DOM event "unload" for "about:blank"
1503797851777	Marionette	DEBUG	Received DOM event "DOMContentLoaded" for "https://www.amazon.com/"
1503797859526	Marionette	DEBUG	Received DOM event "DOMContentLoaded" for "https://images-na.ssl-images-amazon.com/images/G/01/ape/sf/desktop/sf-1.11._V519224511_.html"
1503797859539	Marionette	DEBUG	Received DOM event "pageshow" for "https://images-na.ssl-images-amazon.com/images/G/01/ape/sf/desktop/sf-1.11._V519224511_.html"
1503797864190	Marionette	DEBUG	Received DOM event "DOMContentLoaded" for "https://www.amazon.com/"
1503797864201	Marionette	DEBUG	Received DOM event "pageshow" for "https://www.amazon.com/"
1503797876172	Marionette	DEBUG	Received DOM event "pageshow" for "https://www.amazon.com/"
1503797878699	Marionette	DEBUG	Received DOM event "beforeunload" for "https://www.amazon.com/"
1503797879043	Marionette	DEBUG	Received DOM event "pagehide" for "https://www.amazon.com/"
1503797879437	Marionette	DEBUG	Received DOM event "pagehide" for "https://www.amazon.com/"
1503797879465	Marionette	DEBUG	Received DOM event "unload" for "https://www.amazon.com/"
1503797879641	Marionette	DEBUG	Received DOM event "DOMContentLoaded" for "https://s.amazon-adsystem.com/v3/pr?exlist=pp_sx_ns_rx_kr_g_bsw_ox_index_aold_an_rb_br_fbca_aolv_twca_y_pm_adelphic_adb_tbl&fv=1.0&ex-pl-fbca=ir-LGcvnR4KJcBEmaQHH5g&ex-pl-twca=sGJcVyI_RwWgPZ2cQlgrkw&a=cm&ep=NXMlpMKFiE4Dhxx35f9cGPyrVOdquko-yin4Y-D8NjKEccbdKygtSSKuNttfHFe3"
1503797882569	Marionette	DEBUG	Received observer notification "outer-window-destroyed" for "2147483659"
1503797882574	Marionette	DEBUG	Received observer notification "outer-window-destroyed" for "2147483657"
1503797882581	Marionette	DEBUG	Received observer notification "outer-window-destroyed" for "2147483664"
1503797882589	Marionette	DEBUG	Received observer notification "outer-window-destroyed" for "2147483661"
1503797882793	Marionette	DEBUG	Received DOM event "DOMContentLoaded" for "https://www.amazon.com/s/ref=nb_sb_noss/143-8722454-8465426?url=search-alias%3Daps&field-keywords=Lamborghini+Gallardo"
1503797882804	Marionette	DEBUG	Received DOM event "pageshow" for "https://www.amazon.com/s/ref=nb_sb_noss/143-8722454-8465426?url=search-alias%3Daps&field-keywords=Lamborghini+Gallardo"
1503797883530	Marionette	DEBUG	Received DOM event "DOMContentLoaded" for "https://www.amazon.com/s/ref=nb_sb_noss/143-8722454-8465426?url=search-alias%3Daps&field-keywords=Lamborghini+Gallardo"
1503797884256	Marionette	DEBUG	Received DOM event "pageshow" for "https://www.amazon.com/s/ref=nb_sb_noss/143-8722454-8465426?url=search-alias%3Daps&field-keywords=Lamborghini+Gallardo"
1503797885201	Marionette	DEBUG	Received DOM event "beforeunload" for "https://www.amazon.com/s/ref=nb_sb_noss/143-8722454-8465426?url=search-alias%3Daps&field-keywords=Lamborghini+Gallardo"
1503797886808	Marionette	DEBUG	Received DOM event "pagehide" for "https://www.amazon.com/s/ref=nb_sb_noss/143-8722454-8465426?url=search-alias%3Daps&field-keywords=Lamborghini+Gallardo"
1503797886828	Marionette	DEBUG	Received DOM event "unload" for "https://www.amazon.com/s/ref=nb_sb_noss/143-8722454-8465426?url=search-alias%3Daps&field-keywords=Lamborghini+Gallardo"
1503797889933	Marionette	DEBUG	Received observer notification "outer-window-destroyed" for "2147483667"
1503797889941	Marionette	DEBUG	Received observer notification "outer-window-destroyed" for "2147483669"
1503797889947	Marionette	DEBUG	Received observer notification "outer-window-destroyed" for "2147483671"
1503797889953	Marionette	DEBUG	Received observer notification "outer-window-destroyed" for "2147483677"
1503797889958	Marionette	DEBUG	Received observer notification "outer-window-destroyed" for "2147483675"
1503797894061	Marionette	DEBUG	Received DOM event "DOMContentLoaded" for "https://www.amazon.com/Lamborghini-Gallardo-560-4-Mini-Licensed/dp/B01M0ATYF5/ref=sr_1_1?ie=UTF8&qid=1503797876&sr=8-1-spons&keywords=Lamborghini+Gallardo&psc=1"
1503797894732	Marionette	DEBUG	Received DOM event "DOMContentLoaded" for "https://images-na.ssl-images-amazon.com/images/G/01/ape/sf/desktop/sf-1.11._V519224511_.html"
1503797894752	Marionette	DEBUG	Received DOM event "pageshow" for "https://images-na.ssl-images-amazon.com/images/G/01/ape/sf/desktop/sf-1.11._V519224511_.html"
1503797894874	Marionette	DEBUG	Received DOM event "DOMContentLoaded" for "https://images-na.ssl-images-amazon.com/images/G/01/ape/sf/desktop/sf-1.11._V519224511_.html"
1503797895258	Marionette	DEBUG	Received DOM event "DOMContentLoaded" for "https://images-na.ssl-images-amazon.com/images/G/01/ape/sf/desktop/sf-1.11._V519224511_.html"
1503797895315	Marionette	DEBUG	Received DOM event "DOMContentLoaded" for "https://images-na.ssl-images-amazon.com/images/G/01/ape/sf/desktop/sf-1.11._V519224511_.html"
1503797895678	Marionette	DEBUG	Received DOM event "pageshow" for "https://images-na.ssl-images-amazon.com/images/G/01/ape/sf/desktop/sf-1.11._V519224511_.html"
1503797895828	addons.productaddons	INFO	sending request to: https://aus5.mozilla.org/update/3/GMP/54.0.1/20170628075643/WINNT_x86-msvc-x64/en-US/release-cck-mozilla118/Windows_NT%2010.0.0.0%20(x64)/mozilla118/1.0/update.xml
1503797896982	addons.productaddons	INFO	Completed downloading document
1503797897103	Marionette	DEBUG	Received DOM event "DOMContentLoaded" for "https://ad.doubleclick.net/ddm/adi/N8667.160337.AMAZON.COM/B20061013.200818157;dc_ver=39.103;sz=300x250;u_sd=1;dc_adk=1337639453;ord=d8wkav;click=https%3A%2F%2Faax-us-east.amazon-adsystem.com%2Fx%2Fc%2FQn-KMTu_g0z9jqC89cztyd4AAAFeIVaz6wEAAAH0ASxkB14%2F;dc_rfl=1,https%3A%2F%2Fwww.amazon.com%2FLamborghini-Gallardo-560-4-Mini-Licensed%2Fdp%2FB01M0ATYF5%2Fref%3Dsr_1_1%3Fie%3DUTF8%26qid%3D1503797876%26sr%3D8-1-spons%26keywords%3DLamborghini%2BGallardo%26psc%3D1$0;xdt=1;crlt=oXIxw4o6bf;sttr=432;prcl=s?"
1503797897118	Marionette	DEBUG	Received DOM event "DOMContentLoaded" for "https://cdn3.doubleverify.com/t2tv7.html"
1503797897138	Marionette	DEBUG	Received DOM event "pageshow" for "https://cdn3.doubleverify.com/t2tv7.html"
1503797897390	Marionette	DEBUG	Received DOM event "pageshow" for "https://images-na.ssl-images-amazon.com/images/G/01/ape/sf/desktop/sf-1.11._V519224511_.html"
1503797897742	Marionette	DEBUG	Received DOM event "DOMContentLoaded" for "https://images-na.ssl-images-amazon.com/images/G/01/ape/sf/desktop/sf-1.11._V519224511_.html"
1503797899281	Marionette	DEBUG	Received DOM event "DOMContentLoaded" for "https://tpc.googlesyndication.com/sodar/9im3l02I.html"
1503797899301	Marionette	DEBUG	Received DOM event "pageshow" for "https://tpc.googlesyndication.com/sodar/9im3l02I.html"
1503797899368	Marionette	DEBUG	Received DOM event "pageshow" for "https://images-na.ssl-images-amazon.com/images/G/01/ape/sf/desktop/sf-1.11._V519224511_.html"
1503797899377	Marionette	DEBUG	Received DOM event "pageshow" for "https://images-na.ssl-images-amazon.com/images/G/01/ape/sf/desktop/sf-1.11._V519224511_.html"
1503797899907	addons.productaddons	INFO	downloadXHR File download. status=200
1503797899919	addons.productaddons	INFO	Downloaded file will be saved to C:\Users\giwab-2\AppData\Local\Temp\tmpaddon
1503797900046	Marionette	DEBUG	Received DOM event "pageshow" for "https://ad.doubleclick.net/ddm/adi/N8667.160337.AMAZON.COM/B20061013.200818157;dc_ver=39.103;sz=300x250;u_sd=1;dc_adk=1337639453;ord=d8wkav;click=https%3A%2F%2Faax-us-east.amazon-adsystem.com%2Fx%2Fc%2FQn-KMTu_g0z9jqC89cztyd4AAAFeIVaz6wEAAAH0ASxkB14%2F;dc_rfl=1,https%3A%2F%2Fwww.amazon.com%2FLamborghini-Gallardo-560-4-Mini-Licensed%2Fdp%2FB01M0ATYF5%2Fref%3Dsr_1_1%3Fie%3DUTF8%26qid%3D1503797876%26sr%3D8-1-spons%26keywords%3DLamborghini%2BGallardo%26psc%3D1$0;xdt=1;crlt=oXIxw4o6bf;sttr=432;prcl=s?"
1503797900530	Marionette	DEBUG	Received DOM event "DOMContentLoaded" for "https://cdn3.doubleverify.com/t2tv7.html"
1503797900540	Marionette	DEBUG	Received DOM event "pageshow" for "https://cdn3.doubleverify.com/t2tv7.html"
1503797901156	Marionette	DEBUG	Received DOM event "DOMContentLoaded" for "https://ad.doubleclick.net/ddm/adi/N8667.160337.AMAZON.COM/B20061013.200818157;dc_ver=39.103;sz=300x250;u_sd=1;dc_adk=1337639453;ord=d8wkav;click=https%3A%2F%2Faax-us-east.amazon-adsystem.com%2Fx%2Fc%2FQn-KMTu_g0z9jqC89cztyd4AAAFeIVaz6wEAAAH0ASxkB14%2F;dc_rfl=1,https%3A%2F%2Fwww.amazon.com%2FLamborghini-Gallardo-560-4-Mini-Licensed%2Fdp%2FB01M0ATYF5%2Fref%3Dsr_1_1%3Fie%3DUTF8%26qid%3D1503797876%26sr%3D8-1-spons%26keywords%3DLamborghini%2BGallardo%26psc%3D1$0;xdt=1;crlt=oXIxw4o6bf;sttr=432;prcl=s?"
1503797901280	Marionette	DEBUG	Received DOM event "DOMContentLoaded" for "https://s0.2mdn.net/8025626/1500984482729/BUS_BDL_ENG_3490RollOver1000000629_HTML_300x250/BUS_BDL_ENG_3490RollOver1000000629_HTML_300x250.html"
1503797901318	Marionette	DEBUG	Received DOM event "pageshow" for "https://ad.doubleclick.net/ddm/adi/N8667.160337.AMAZON.COM/B20061013.200818157;dc_ver=39.103;sz=300x250;u_sd=1;dc_adk=1337639453;ord=d8wkav;click=https%3A%2F%2Faax-us-east.amazon-adsystem.com%2Fx%2Fc%2FQn-KMTu_g0z9jqC89cztyd4AAAFeIVaz6wEAAAH0ASxkB14%2F;dc_rfl=1,https%3A%2F%2Fwww.amazon.com%2FLamborghini-Gallardo-560-4-Mini-Licensed%2Fdp%2FB01M0ATYF5%2Fref%3Dsr_1_1%3Fie%3DUTF8%26qid%3D1503797876%26sr%3D8-1-spons%26keywords%3DLamborghini%2BGallardo%26psc%3D1$0;xdt=1;crlt=oXIxw4o6bf;sttr=432;prcl=s?"
1503797901343	Marionette	DEBUG	Received DOM event "pageshow" for "https://s0.2mdn.net/8025626/1500984482729/BUS_BDL_ENG_3490RollOver1000000629_HTML_300x250/BUS_BDL_ENG_3490RollOver1000000629_HTML_300x250.html"
1503797901387	Marionette	DEBUG	Received DOM event "pageshow" for "https://ad.doubleclick.net/ddm/adi/N8667.160337.AMAZON.COM/B20061013.200818157;dc_ver=39.103;sz=300x250;u_sd=1;dc_adk=1337639453;ord=d8wkav;click=https%3A%2F%2Faax-us-east.amazon-adsystem.com%2Fx%2Fc%2FQn-KMTu_g0z9jqC89cztyd4AAAFeIVaz6wEAAAH0ASxkB14%2F;dc_rfl=1,https%3A%2F%2Fwww.amazon.com%2FLamborghini-Gallardo-560-4-Mini-Licensed%2Fdp%2FB01M0ATYF5%2Fref%3Dsr_1_1%3Fie%3DUTF8%26qid%3D1503797876%26sr%3D8-1-spons%26keywords%3DLamborghini%2BGallardo%26psc%3D1$0;xdt=1;crlt=oXIxw4o6bf;sttr=432;prcl=s?"
1503797901406	Marionette	DEBUG	Received DOM event "pageshow" for "https://images-na.ssl-images-amazon.com/images/G/01/ape/sf/desktop/sf-1.11._V519224511_.html"
1503797901490	Marionette	DEBUG	Received DOM event "pageshow" for "https://www.amazon.com/Lamborghini-Gallardo-560-4-Mini-Licensed/dp/B01M0ATYF5/ref=sr_1_1?ie=UTF8&qid=1503797876&sr=8-1-spons&keywords=Lamborghini+Gallardo&psc=1"
1503797902392	Marionette	DEBUG	Received DOM event "beforeunload" for "https://www.amazon.com/Lamborghini-Gallardo-560-4-Mini-Licensed/dp/B01M0ATYF5/ref=sr_1_1?ie=UTF8&qid=1503797876&sr=8-1-spons&keywords=Lamborghini+Gallardo&psc=1"
1503797903411	Marionette	DEBUG	Received DOM event "pagehide" for "https://www.amazon.com/Lamborghini-Gallardo-560-4-Mini-Licensed/dp/B01M0ATYF5/ref=sr_1_1?ie=UTF8&qid=1503797876&sr=8-1-spons&keywords=Lamborghini+Gallardo&psc=1"
1503797903433	Marionette	DEBUG	Received DOM event "unload" for "https://www.amazon.com/Lamborghini-Gallardo-560-4-Mini-Licensed/dp/B01M0ATYF5/ref=sr_1_1?ie=UTF8&qid=1503797876&sr=8-1-spons&keywords=Lamborghini+Gallardo&psc=1"
1503797904101	addons.productaddons	INFO	downloadXHR File download. status=200
1503797904128	addons.productaddons	INFO	Downloaded file will be saved to C:\Users\giwab-2\AppData\Local\Temp\tmpaddon
1503797904420	Marionette	DEBUG	Received observer notification "outer-window-destroyed" for "2147483692"
1503797904426	Marionette	DEBUG	Received observer notification "outer-window-destroyed" for "2147483690"
1503797904439	Marionette	DEBUG	Received observer notification "outer-window-destroyed" for "2147483688"
1503797904450	Marionette	DEBUG	Received observer notification "outer-window-destroyed" for "2147483680"
1503797904470	Marionette	DEBUG	Received observer notification "outer-window-destroyed" for "2147483695"
1503797904483	Marionette	DEBUG	Received observer notification "outer-window-destroyed" for "2147483697"
1503797904493	Marionette	DEBUG	Received observer notification "outer-window-destroyed" for "2147483682"
1503797904508	Marionette	DEBUG	Received observer notification "outer-window-destroyed" for "2147483707"
1503797904518	Marionette	DEBUG	Received observer notification "outer-window-destroyed" for "2147483703"
1503797904524	Marionette	DEBUG	Received observer notification "outer-window-destroyed" for "2147483712"
1503797904531	Marionette	DEBUG	Received observer notification "outer-window-destroyed" for "2147483709"
1503797904539	Marionette	DEBUG	Received observer notification "outer-window-destroyed" for "2147483702"
1503797904548	Marionette	DEBUG	Received observer notification "outer-window-destroyed" for "2147483694"
1503797904555	Marionette	DEBUG	Received observer notification "outer-window-destroyed" for "2147483683"
1503797904559	Marionette	DEBUG	Received observer notification "outer-window-destroyed" for "2147483684"
1503797905397	Marionette	DEBUG	Received DOM event "DOMContentLoaded" for "https://www.amazon.com/gp/product/handle-buy-box/ref=dp_start-bbf_1_glance"
1503797905426	Marionette	DEBUG	Received DOM event "pageshow" for "https://www.amazon.com/gp/product/handle-buy-box/ref=dp_start-bbf_1_glance"
1503797907150	Marionette	DEBUG	Received DOM event "pagehide" for "https://s.amazon-adsystem.com/iu3?d=amazon.com&slot=navFooter&a2=010172a65bee4e37655c53c8e95b79da4635caa75258fe7d1df3be3fafb11b0760a1&old_oo=0&cb=1503797900189"
1503797907161	Marionette	DEBUG	Received DOM event "beforeunload" for "https://www.amazon.com/gp/product/handle-buy-box/ref=dp_start-bbf_1_glance"
1503797907520	Marionette	DEBUG	Received DOM event "pagehide" for "https://www.amazon.com/gp/product/handle-buy-box/ref=dp_start-bbf_1_glance"
1503797907522	Marionette	DEBUG	Received DOM event "unload" for "https://www.amazon.com/gp/product/handle-buy-box/ref=dp_start-bbf_1_glance"
1503797908349	Marionette	DEBUG	Received observer notification "outer-window-destroyed" for "2147483718"
1503797908356	Marionette	DEBUG	Received observer notification "outer-window-destroyed" for "2147483715"
1503797909809	Marionette	DEBUG	Received DOM event "DOMContentLoaded" for "https://www.amazon.com/ap/signin?_encoding=UTF8&openid.assoc_handle=amazon_checkout_us&openid.claimed_id=http%3A%2F%2Fspecs.openid.net%2Fauth%2F2.0%2Fidentifier_select&openid.identity=http%3A%2F%2Fspecs.openid.net%2Fauth%2F2.0%2Fidentifier_select&openid.mode=checkid_setup&openid.ns=http%3A%2F%2Fspecs.openid.net%2Fauth%2F2.0&openid.ns.pape=http%3A%2F%2Fspecs.openid.net%2Fextensions%2Fpape%2F1.0&openid.pape.max_auth_age=0&openid.return_to=https%3A%2F%2Fwww.amazon.com%2Fgp%2Fbuy%2Fsignin%2Fhandlers%2Fcontinue.html%3Fie%3DUTF8%26cartItemIds%3D%26eGCApp%3D%26hasWorkingJavascript%3D0%26isEGCOrder%3D0%26isFresh%3D0%26oldCustomerId%3D%26oldPurchaseId%3D%26preInitiateCustomerId%3D%26purchaseInProgress%3D%26siteDesign%3D&pageId=amazon_checkout_us&showRmrMe=0&siteState=isRegularCheckout.1%7CIMBMsgs.%7CisRedirect.0"
1503797909811	Marionette	DEBUG	Received DOM event "DOMContentLoaded" for "https://www.amazon.com/ap/signin?_encoding=UTF8&openid.assoc_handle=amazon_checkout_us&openid.claimed_id=http%3A%2F%2Fspecs.openid.net%2Fauth%2F2.0%2Fidentifier_select&openid.identity=http%3A%2F%2Fspecs.openid.net%2Fauth%2F2.0%2Fidentifier_select&openid.mode=checkid_setup&openid.ns=http%3A%2F%2Fspecs.openid.net%2Fauth%2F2.0&openid.ns.pape=http%3A%2F%2Fspecs.openid.net%2Fextensions%2Fpape%2F1.0&openid.pape.max_auth_age=0&openid.return_to=https%3A%2F%2Fwww.amazon.com%2Fgp%2Fbuy%2Fsignin%2Fhandlers%2Fcontinue.html%3Fie%3DUTF8%26cartItemIds%3D%26eGCApp%3D%26hasWorkingJavascript%3D0%26isEGCOrder%3D0%26isFresh%3D0%26oldCustomerId%3D%26oldPurchaseId%3D%26preInitiateCustomerId%3D%26purchaseInProgress%3D%26siteDesign%3D&pageId=amazon_checkout_us&showRmrMe=0&siteState=isRegularCheckout.1%7CIMBMsgs.%7CisRedirect.0"
1503797909815	Marionette	DEBUG	Received DOM event "pageshow" for "https://www.amazon.com/ap/signin?_encoding=UTF8&openid.assoc_handle=amazon_checkout_us&openid.claimed_id=http%3A%2F%2Fspecs.openid.net%2Fauth%2F2.0%2Fidentifier_select&openid.identity=http%3A%2F%2Fspecs.openid.net%2Fauth%2F2.0%2Fidentifier_select&openid.mode=checkid_setup&openid.ns=http%3A%2F%2Fspecs.openid.net%2Fauth%2F2.0&openid.ns.pape=http%3A%2F%2Fspecs.openid.net%2Fextensions%2Fpape%2F1.0&openid.pape.max_auth_age=0&openid.return_to=https%3A%2F%2Fwww.amazon.com%2Fgp%2Fbuy%2Fsignin%2Fhandlers%2Fcontinue.html%3Fie%3DUTF8%26cartItemIds%3D%26eGCApp%3D%26hasWorkingJavascript%3D0%26isEGCOrder%3D0%26isFresh%3D0%26oldCustomerId%3D%26oldPurchaseId%3D%26preInitiateCustomerId%3D%26purchaseInProgress%3D%26siteDesign%3D&pageId=amazon_checkout_us&showRmrMe=0&siteState=isRegularCheckout.1%7CIMBMsgs.%7CisRedirect.0"
1503797910052	Marionette	DEBUG	Received DOM event "pageshow" for "https://www.amazon.com/ap/signin?_encoding=UTF8&openid.assoc_handle=amazon_checkout_us&openid.claimed_id=http%3A%2F%2Fspecs.openid.net%2Fauth%2F2.0%2Fidentifier_select&openid.identity=http%3A%2F%2Fspecs.openid.net%2Fauth%2F2.0%2Fidentifier_select&openid.mode=checkid_setup&openid.ns=http%3A%2F%2Fspecs.openid.net%2Fauth%2F2.0&openid.ns.pape=http%3A%2F%2Fspecs.openid.net%2Fextensions%2Fpape%2F1.0&openid.pape.max_auth_age=0&openid.return_to=https%3A%2F%2Fwww.amazon.com%2Fgp%2Fbuy%2Fsignin%2Fhandlers%2Fcontinue.html%3Fie%3DUTF8%26cartItemIds%3D%26eGCApp%3D%26hasWorkingJavascript%3D0%26isEGCOrder%3D0%26isFresh%3D0%26oldCustomerId%3D%26oldPurchaseId%3D%26preInitiateCustomerId%3D%26purchaseInProgress%3D%26siteDesign%3D&pageId=amazon_checkout_us&showRmrMe=0&siteState=isRegularCheckout.1%7CIMBMsgs.%7CisRedirect.0"
1503797910616	Marionette	INFO	New connections will no longer be accepted
1503797910714	addons.xpi	DEBUG	Calling bootstrap method shutdown on webcompat@mozilla.org version 1.1
1503797910717	addons.xpi	DEBUG	Calling bootstrap method shutdown on screenshots@mozilla.org version 6.6.0
1503797910720	addons.xpi	DEBUG	Calling bootstrap method shutdown on firefox@getpocket.com version 1.0.5
1503797910726	addons.xpi	DEBUG	Calling bootstrap method shutdown on e10srollout@mozilla.org version 1.50
1503797910730	addons.xpi	DEBUG	Calling bootstrap method shutdown on aushelper@mozilla.org version 2.0
2Fads-search32.html&referer=www.amazon.com#master-1"
1502551099091	Marionette	DEBUG	Received DOM event "pageshow" for "https://d14qd3he45186l.cloudfront.net/ads-search32.html"
1502551099714	Marionette	DEBUG	Received DOM event "DOMContentLoaded" for "https://www.adsensecustomsearchads.com/afs/ads?q=Lamborghini%20Gallardo&adpage=1&ccfn=amazon_bulleted_two_column&r=m&fexp=21404&client=amazon&channel=g-channel-80%2Bg-channel-223%2Bg-channel-46%2Bg-channel-120%2Bg-channel-305&hl=en&adtest=off&type=0&oe=UTF-8&ie=UTF-8&format=n4&ad=n4&nocache=4501502551095404&num=0&output=uds_ads_only&v=3&bsl=10&u_his=4&u_tz=-240&dt=1502551095413&u_w=1366&u_h=768&biw=-12245933&bih=-12245933&isw=960&ish=1&psw=960&psh=0&frm=2&uio=uv3-&jsv=13014&rurl=https%3A%2F%2Fd14qd3he45186l.cloudfront.net%2Fads-search32.html&referer=www.amazon.com#master-1"
1502551099741	Marionette	DEBUG	Received DOM event "pageshow" for "https://www.adsensecustomsearchads.com/afs/ads?q=Lamborghini%20Gallardo&adpage=1&ccfn=amazon_bulleted_two_column&r=m&fexp=21404&client=amazon&channel=g-channel-80%2Bg-channel-223%2Bg-channel-46%2Bg-channel-120%2Bg-channel-305&hl=en&adtest=off&type=0&oe=UTF-8&ie=UTF-8&format=n4&ad=n4&nocache=4501502551095404&num=0&output=uds_ads_only&v=3&bsl=10&u_his=4&u_tz=-240&dt=1502551095413&u_w=1366&u_h=768&biw=-12245933&bih=-12245933&isw=960&ish=1&psw=960&psh=0&frm=2&uio=uv3-&jsv=13014&rurl=https%3A%2F%2Fd14qd3he45186l.cloudfront.net%2Fads-search32.html&referer=www.amazon.com#master-1"
1502551099789	Marionette	DEBUG	Received DOM event "DOMContentLoaded" for "https://cdn3.doubleverify.com/t2tv7.html"
1502551099797	Marionette	DEBUG	Received DOM event "pageshow" for "https://cdn3.doubleverify.com/t2tv7.html"
1502551100053	Marionette	DEBUG	Received DOM event "DOMContentLoaded" for "https://ad.doubleclick.net/ddm/adi/N8667.160337.AMAZON.COM/B10698201.142674334;dc_ver=39.103;sz=300x250;u_sd=1;dc_adk=2449904956;ord=1uvu4w;click=https%3A%2F%2Faax-us-east.amazon-adsystem.com%2Fx%2Fc%2FQvvHy3PUlEt3nlLXgQAEsgEAAAFd1wYHYwEAAAH0ARQFBMI%2F;dc_rfl=1,https%3A%2F%2Fwww.amazon.com%2FLamborghini-Gallardo-560-4-Mini-Licensed%2Fdp%2FB01M0ATYF5%2Fref%3Dsr_1_1%3Fie%3DUTF8%26qid%3D1502551077%26sr%3D8-1-spons%26keywords%3DLamborghini%2BGallardo%26psc%3D1$0;xdt=1;crlt=.b(73CNHjE;sttr=1054;prcl=s?"
1502551100229	Marionette	DEBUG	Received DOM event "pageshow" for "https://ad.doubleclick.net/ddm/adi/N8667.160337.AMAZON.COM/B10698201.142674334;dc_ver=39.103;sz=300x250;u_sd=1;dc_adk=2449904956;ord=1uvu4w;click=https%3A%2F%2Faax-us-east.amazon-adsystem.com%2Fx%2Fc%2FQvvHy3PUlEt3nlLXgQAEsgEAAAFd1wYHYwEAAAH0ARQFBMI%2F;dc_rfl=1,https%3A%2F%2Fwww.amazon.com%2FLamborghini-Gallardo-560-4-Mini-Licensed%2Fdp%2FB01M0ATYF5%2Fref%3Dsr_1_1%3Fie%3DUTF8%26qid%3D1502551077%26sr%3D8-1-spons%26keywords%3DLamborghini%2BGallardo%26psc%3D1$0;xdt=1;crlt=.b(73CNHjE;sttr=1054;prcl=s?"
1502551100245	Marionette	DEBUG	Received DOM event "pageshow" for "https://ad.doubleclick.net/ddm/adi/N8667.160337.AMAZON.COM/B10698201.142674334;dc_ver=39.103;sz=300x250;u_sd=1;dc_adk=2449904956;ord=1uvu4w;click=https%3A%2F%2Faax-us-east.amazon-adsystem.com%2Fx%2Fc%2FQvvHy3PUlEt3nlLXgQAEsgEAAAFd1wYHYwEAAAH0ARQFBMI%2F;dc_rfl=1,https%3A%2F%2Fwww.amazon.com%2FLamborghini-Gallardo-560-4-Mini-Licensed%2Fdp%2FB01M0ATYF5%2Fref%3Dsr_1_1%3Fie%3DUTF8%26qid%3D1502551077%26sr%3D8-1-spons%26keywords%3DLamborghini%2BGallardo%26psc%3D1$0;xdt=1;crlt=.b(73CNHjE;sttr=1054;prcl=s?"
1502551100262	Marionette	DEBUG	Received DOM event "pageshow" for "https://images-na.ssl-images-amazon.com/images/G/01/ape/sf/desktop/sf-1.11._V519224511_.html"
1502551100361	Marionette	DEBUG	Received DOM event "pageshow" for "https://www.amazon.com/Lamborghini-Gallardo-560-4-Mini-Licensed/dp/B01M0ATYF5/ref=sr_1_1?ie=UTF8&qid=1502551077&sr=8-1-spons&keywords=Lamborghini+Gallardo&psc=1"
1502551101377	Marionette	DEBUG	Received DOM event "beforeunload" for "https://www.amazon.com/Lamborghini-Gallardo-560-4-Mini-Licensed/dp/B01M0ATYF5/ref=sr_1_1?ie=UTF8&qid=1502551077&sr=8-1-spons&keywords=Lamborghini+Gallardo&psc=1"
1502551101784	Marionette	DEBUG	Received DOM event "pagehide" for "https://www.amazon.com/Lamborghini-Gallardo-560-4-Mini-Licensed/dp/B01M0ATYF5/ref=sr_1_1?ie=UTF8&qid=1502551077&sr=8-1-spons&keywords=Lamborghini+Gallardo&psc=1"
1502551101813	Marionette	DEBUG	Received DOM event "unload" for "https://www.amazon.com/Lamborghini-Gallardo-560-4-Mini-Licensed/dp/B01M0ATYF5/ref=sr_1_1?ie=UTF8&qid=1502551077&sr=8-1-spons&keywords=Lamborghini+Gallardo&psc=1"
JavaScript error: https://js.dmtry.com/antenna2.js?0_4315_142674334_79174765, line 15: NS_ERROR_FAILURE: 
1502551102640	Marionette	DEBUG	Received observer notification "outer-window-destroyed" for "2147483705"
1502551102647	Marionette	DEBUG	Received observer notification "outer-window-destroyed" for "2147483703"
1502551102655	Marionette	DEBUG	Received observer notification "outer-window-destroyed" for "2147483701"
1502551102676	Marionette	DEBUG	Received observer notification "outer-window-destroyed" for "2147483698"
1502551102684	Marionette	DEBUG	Received observer notification "outer-window-destroyed" for "2147483727"
1502551102698	Marionette	DEBUG	Received observer notification "outer-window-destroyed" for "2147483715"
1502551102710	Marionette	DEBUG	Received observer notification "outer-window-destroyed" for "2147483694"
1502551102714	Marionette	DEBUG	Received observer notification "outer-window-destroyed" for "2147483707"
1502551102722	Marionette	DEBUG	Received observer notification "outer-window-destroyed" for "2147483722"
1502551102730	Marionette	DEBUG	Received observer notification "outer-window-destroyed" for "2147483719"
1502551102736	Marionette	DEBUG	Received observer notification "outer-window-destroyed" for "2147483724"
1502551102743	Marionette	DEBUG	Received observer notification "outer-window-destroyed" for "2147483714"
1502551102748	Marionette	DEBUG	Received observer notification "outer-window-destroyed" for "2147483708"
1502551102754	Marionette	DEBUG	Received observer notification "outer-window-destroyed" for "2147483709"
1502551103365	Marionette	DEBUG	Received DOM event "DOMContentLoaded" for "https://www.amazon.com/gp/product/handle-buy-box/ref=dp_start-bbf_1_glance"
1502551103408	Marionette	DEBUG	Received DOM event "pageshow" for "https://www.amazon.com/gp/product/handle-buy-box/ref=dp_start-bbf_1_glance"
1502551104192	Marionette	DEBUG	Received DOM event "pagehide" for "https://www.amazon.com/gp/product/handle-buy-box/ref=dp_start-bbf_1_glance"
1502551104477	Marionette	DEBUG	Received DOM event "beforeunload" for "https://www.amazon.com/gp/product/handle-buy-box/ref=dp_start-bbf_1_glance"
1502551104669	Marionette	DEBUG	Received DOM event "pagehide" for "https://www.amazon.com/gp/product/handle-buy-box/ref=dp_start-bbf_1_glance"
1502551104673	Marionette	DEBUG	Received DOM event "unload" for "https://www.amazon.com/gp/product/handle-buy-box/ref=dp_start-bbf_1_glance"
1502551104722	Marionette	DEBUG	Received DOM event "pageshow" for "https://s.amazon-adsystem.com/iu3?d=amazon.com&slot=navFooter&a2=010168e528e8e9aba291115d1176fe228129360fc0bec75179fbc06bfd645a309e2c&old_oo=0&cb=1502551099180"
1502551105629	Marionette	DEBUG	Received DOM event "DOMContentLoaded" for "https://www.amazon.com/ap/signin?_encoding=UTF8&openid.assoc_handle=amazon_checkout_us&openid.claimed_id=http%3A%2F%2Fspecs.openid.net%2Fauth%2F2.0%2Fidentifier_select&openid.identity=http%3A%2F%2Fspecs.openid.net%2Fauth%2F2.0%2Fidentifier_select&openid.mode=checkid_setup&openid.ns=http%3A%2F%2Fspecs.openid.net%2Fauth%2F2.0&openid.ns.pape=http%3A%2F%2Fspecs.openid.net%2Fextensions%2Fpape%2F1.0&openid.pape.max_auth_age=0&openid.return_to=https%3A%2F%2Fwww.amazon.com%2Fgp%2Fbuy%2Fsignin%2Fhandlers%2Fcontinue.html%3Fie%3DUTF8%26cartItemIds%3D%26eGCApp%3D%26hasWorkingJavascript%3D0%26isEGCOrder%3D0%26isFresh%3D0%26oldCustomerId%3D%26oldPurchaseId%3D%26preInitiateCustomerId%3D%26purchaseInProgress%3D%26siteDesign%3D&pageId=amazon_checkout_us&showRmrMe=0&siteState=isRegularCheckout.1%7CIMBMsgs.%7CisRedirect.0"
1502551105643	Marionette	DEBUG	Received observer notification "outer-window-destroyed" for "2147483733"
1502551105649	Marionette	DEBUG	Received observer notification "outer-window-destroyed" for "2147483730"
1502551105676	Marionette	DEBUG	Received DOM event "DOMContentLoaded" for "https://www.amazon.com/ap/signin?_encoding=UTF8&openid.assoc_handle=amazon_checkout_us&openid.claimed_id=http%3A%2F%2Fspecs.openid.net%2Fauth%2F2.0%2Fidentifier_select&openid.identity=http%3A%2F%2Fspecs.openid.net%2Fauth%2F2.0%2Fidentifier_select&openid.mode=checkid_setup&openid.ns=http%3A%2F%2Fspecs.openid.net%2Fauth%2F2.0&openid.ns.pape=http%3A%2F%2Fspecs.openid.net%2Fextensions%2Fpape%2F1.0&openid.pape.max_auth_age=0&openid.return_to=https%3A%2F%2Fwww.amazon.com%2Fgp%2Fbuy%2Fsignin%2Fhandlers%2Fcontinue.html%3Fie%3DUTF8%26cartItemIds%3D%26eGCApp%3D%26hasWorkingJavascript%3D0%26isEGCOrder%3D0%26isFresh%3D0%26oldCustomerId%3D%26oldPurchaseId%3D%26preInitiateCustomerId%3D%26purchaseInProgress%3D%26siteDesign%3D&pageId=amazon_checkout_us&showRmrMe=0&siteState=isRegularCheckout.1%7CIMBMsgs.%7CisRedirect.0"
1502551105680	Marionette	DEBUG	Received DOM event "pageshow" for "https://www.amazon.com/ap/signin?_encoding=UTF8&openid.assoc_handle=amazon_checkout_us&openid.claimed_id=http%3A%2F%2Fspecs.openid.net%2Fauth%2F2.0%2Fidentifier_select&openid.identity=http%3A%2F%2Fspecs.openid.net%2Fauth%2F2.0%2Fidentifier_select&openid.mode=checkid_setup&openid.ns=http%3A%2F%2Fspecs.openid.net%2Fauth%2F2.0&openid.ns.pape=http%3A%2F%2Fspecs.openid.net%2Fextensions%2Fpape%2F1.0&openid.pape.max_auth_age=0&openid.return_to=https%3A%2F%2Fwww.amazon.com%2Fgp%2Fbuy%2Fsignin%2Fhandlers%2Fcontinue.html%3Fie%3DUTF8%26cartItemIds%3D%26eGCApp%3D%26hasWorkingJavascript%3D0%26isEGCOrder%3D0%26isFresh%3D0%26oldCustomerId%3D%26oldPurchaseId%3D%26preInitiateCustomerId%3D%26purchaseInProgress%3D%26siteDesign%3D&pageId=amazon_checkout_us&showRmrMe=0&siteState=isRegularCheckout.1%7CIMBMsgs.%7CisRedirect.0"
1502551106025	Marionette	DEBUG	Received DOM event "pageshow" for "https://www.amazon.com/ap/signin?_encoding=UTF8&openid.assoc_handle=amazon_checkout_us&openid.claimed_id=http%3A%2F%2Fspecs.openid.net%2Fauth%2F2.0%2Fidentifier_select&openid.identity=http%3A%2F%2Fspecs.openid.net%2Fauth%2F2.0%2Fidentifier_select&openid.mode=checkid_setup&openid.ns=http%3A%2F%2Fspecs.openid.net%2Fauth%2F2.0&openid.ns.pape=http%3A%2F%2Fspecs.openid.net%2Fextensions%2Fpape%2F1.0&openid.pape.max_auth_age=0&openid.return_to=https%3A%2F%2Fwww.amazon.com%2Fgp%2Fbuy%2Fsignin%2Fhandlers%2Fcontinue.html%3Fie%3DUTF8%26cartItemIds%3D%26eGCApp%3D%26hasWorkingJavascript%3D0%26isEGCOrder%3D0%26isFresh%3D0%26oldCustomerId%3D%26oldPurchaseId%3D%26preInitiateCustomerId%3D%26purchaseInProgress%3D%26siteDesign%3D&pageId=amazon_checkout_us&showRmrMe=0&siteState=isRegularCheckout.1%7CIMBMsgs.%7CisRedirect.0"
1502551106876	Marionette	INFO	New connections will no longer be accepted
1502551106952	addons.xpi	DEBUG	Calling bootstrap method shutdown on webcompat@mozilla.org version 1.1
1502551106956	addons.xpi	DEBUG	Calling bootstrap method shutdown on screenshots@mozilla.org version 6.6.0
1502551106960	addons.xpi	DEBUG	Calling bootstrap method shutdown on firefox@getpocket.com version 1.0.5
1502551106967	addons.xpi	DEBUG	Calling bootstrap method shutdown on e10srollout@mozilla.org version 1.50
1502551106972	addons.xpi	DEBUG	Calling bootstrap method shutdown on aushelper@mozilla.org version 2.0
